18:18:42 [Skill] INFO  Skill:139 - Connecting to Furhat server on 192.168.1.125:1932
18:18:42 [SkillSkill] INFO  SkillSkill:166 - Starting skill
18:18:56 [SkillSkill] ERROR TriggerRunner: 33 - Error
org.json.JSONException: JSONObject["result"] not found.
	at org.json.JSONObject.get(JSONObject.java:520)
	at org.json.JSONObject.getString(JSONObject.java:806)
	at furhatos.app.skill.flow.InteractionKt$Start$1$4.invoke(interaction.kt:40)
	at furhatos.app.skill.flow.InteractionKt$Start$1$4.invoke(interaction.kt)
	at furhatos.flow.kotlin.TriggerRunner.run(TriggerRunner.kt:31)
	at furhatos.flow.kotlin.Runner.runTrigger(Runner.kt:204)
	at furhatos.flow.kotlin.Runner.runTrigger$default(Runner.kt:176)
	at furhatos.flow.kotlin.StateRunner.run(StateRunner.kt:57)
	at furhatos.flow.kotlin.Flow.tailRecRun(Flow.kt:146)
	at furhatos.flow.kotlin.Flow.run(Flow.kt:110)
	at furhatos.app.skill.SkillSkill.start(main.kt:9)
	at furhatos.skills.Skill.initializeSkill(Skill.java:169)
	at furhatos.skills.Skill.lambda$startSkill$2(Skill.java:227)
	at java.lang.Thread.run(Thread.java:748)
18:20:27 [SkillSkill] ERROR TriggerRunner: 33 - Error
org.json.JSONException: JSONObject["result"] not found.
	at org.json.JSONObject.get(JSONObject.java:520)
	at org.json.JSONObject.getString(JSONObject.java:806)
	at furhatos.app.skill.flow.InteractionKt$Start$1$4.invoke(interaction.kt:40)
	at furhatos.app.skill.flow.InteractionKt$Start$1$4.invoke(interaction.kt)
	at furhatos.flow.kotlin.TriggerRunner.run(TriggerRunner.kt:31)
	at furhatos.flow.kotlin.Runner.runTrigger(Runner.kt:204)
	at furhatos.flow.kotlin.Runner.runTrigger$default(Runner.kt:176)
	at furhatos.flow.kotlin.StateRunner.run(StateRunner.kt:57)
	at furhatos.flow.kotlin.Flow.tailRecRun(Flow.kt:146)
	at furhatos.flow.kotlin.Flow.run(Flow.kt:110)
	at furhatos.app.skill.SkillSkill.start(main.kt:9)
	at furhatos.skills.Skill.initializeSkill(Skill.java:169)
	at furhatos.skills.Skill.lambda$startSkill$2(Skill.java:227)
	at java.lang.Thread.run(Thread.java:748)
18:20:36 [EventSystem] INFO  SkillSkill:184 - Terminating skill
