15:53:54 [Skill] INFO  Skill:139 - Connecting to Furhat server on 192.168.1.125:1932
15:53:56 [SkillSkill] INFO  SkillSkill:166 - Starting skill
15:53:57 [SkillSkill] ERROR InitRunner: 28 - java.lang.NullPointerException
15:53:57 [ErrorLoggingThread] ERROR SkillSkill:459 - java.lang.NullPointerException
	at furhatos.skills.FurhatSpeech.getVoices(FurhatSpeech.java:294)
	at furhatos.skills.FurhatEventWrapper.getVoices(FurhatEventWrapper.java:31)
	at furhatos.skills.FurhatSpeech.getVoice(FurhatSpeech.java:303)
	at furhatos.skills.FurhatEventWrapper.getVoice(FurhatEventWrapper.java:31)
	at furhatos.skills.FurhatSpeech.setVoiceAndInputLanguage(FurhatSpeech.java:283)
	at furhatos.skills.FurhatEventWrapper.setVoiceAndInputLanguage(FurhatEventWrapper.java:31)
	at furhatos.flow.kotlin.Furhat.setVoice(Furhat.kt:707)
	at furhatos.flow.kotlin.Furhat.internalSetVoice(Furhat.kt:728)
	at furhatos.flow.kotlin.Furhat.setVoice(Furhat.kt:743)
	at furhatos.flow.kotlin.Furhat.setVoice$default(Furhat.kt:741)
	at furhatos.app.skill.flow.GeneralKt$Idle$1$1.invoke(general.kt:10)
	at furhatos.app.skill.flow.GeneralKt$Idle$1$1.invoke(general.kt)
	at furhatos.flow.kotlin.InitRunner.run(InitRunner.kt:25)
	at furhatos.flow.kotlin.StateRunner.runInitTrigger(StateRunner.kt:215)
	at furhatos.flow.kotlin.StateRunner.run(StateRunner.kt:64)
	at furhatos.flow.kotlin.Flow.tailRecRun(Flow.kt:146)
	at furhatos.flow.kotlin.Flow.run(Flow.kt:110)
	at furhatos.app.skill.SkillSkill.start(main.kt:9)
	at furhatos.skills.Skill.initializeSkill(Skill.java:169)
	at furhatos.skills.Skill.lambda$startSkill$2(Skill.java:227)
	at java.lang.Thread.run(Thread.java:748)

