08:17:00 [Skill] INFO  Skill:139 - Connecting to Furhat server on 100.88.20.87:1932
08:17:00 [SkillSkill] INFO  SkillSkill:166 - Starting skill
08:17:19 [SkillSkill] ERROR StateRunner:186 - java.util.concurrent.ExecutionException: furhatos.nlu.InterpreterException: No .exm file for Intent in language en-US found
08:17:19 [ErrorLoggingThread] ERROR SkillSkill:459 - java.util.concurrent.ExecutionException: furhatos.nlu.InterpreterException: No .exm file for Intent in language en-US found
	at java.base/java.util.concurrent.FutureTask.report(FutureTask.java:122)
	at java.base/java.util.concurrent.FutureTask.get(FutureTask.java:205)
	at furhatos.flow.kotlin.IntentClassifierBuilder.getIntentClassifier(IntentClassifierBuilder.kt:69)
	at furhatos.flow.kotlin.Furhat.setSpeechRecPhrasesFromIntents(Furhat.kt:692)
	at furhatos.flow.kotlin.ImplementationsKt$Listen$1$1.invoke(implementations.kt:43)
	at furhatos.flow.kotlin.ImplementationsKt$Listen$1$1.invoke(implementations.kt)
	at furhatos.flow.kotlin.StateRunner.runEntryTrigger(StateRunner.kt:180)
	at furhatos.flow.kotlin.StateRunner.run(StateRunner.kt:65)
	at furhatos.flow.kotlin.FlowControlRunner.tailRecRunCall(FlowControlRunner.kt:89)
	at furhatos.flow.kotlin.FlowControlRunner.call(FlowControlRunner.kt:61)
	at furhatos.flow.kotlin.FlowControlRunner.call$default(FlowControlRunner.kt:55)
	at furhatos.flow.kotlin.Furhat.listen(Furhat.kt:195)
	at furhatos.flow.kotlin.Furhat.listen$default(Furhat.kt:192)
	at furhatos.app.skill.flow.InteractionKt$Start$1$1.invoke(interaction.kt:11)
	at furhatos.app.skill.flow.InteractionKt$Start$1$1.invoke(interaction.kt)
	at furhatos.flow.kotlin.StateRunner.runEntryTrigger(StateRunner.kt:180)
	at furhatos.flow.kotlin.StateRunner.run(StateRunner.kt:65)
	at furhatos.flow.kotlin.Flow.tailRecRun(Flow.kt:146)
	at furhatos.flow.kotlin.Flow.run(Flow.kt:110)
	at furhatos.app.skill.SkillSkill.start(main.kt:9)
	at furhatos.skills.Skill.initializeSkill(Skill.java:169)
	at furhatos.skills.Skill.lambda$startSkill$2(Skill.java:227)
	at java.base/java.lang.Thread.run(Thread.java:834)
Caused by: furhatos.nlu.InterpreterException: No .exm file for Intent in language en-US found
	at furhatos.nlu.NLUUtils.readLangResource(NLUUtils.kt:27)
	at furhatos.nlu.IntentCandidate.readExamplesFromResource(IntentCandidate.java:104)
	at furhatos.nlu.Intent.getExamples(Intent.kt:24)
	at furhatos.nlu.IntentCandidate.getExamplesWithParaphrases(IntentCandidate.java:81)
	at furhatos.nlu.IdfMultiIntentClassifier.<init>(IdfMultiIntentClassifier.kt:39)
	at furhatos.nlu.IdfMultiIntentClassifier.<init>(IdfMultiIntentClassifier.kt:17)
	at furhatos.nlu.IdfMultiIntentClassifier$Factory.getClassifier(IdfMultiIntentClassifier.kt:288)
	at furhatos.flow.kotlin.IntentClassifierBuilder$init$1$task$1.call(IntentClassifierBuilder.kt:55)
	at furhatos.flow.kotlin.IntentClassifierBuilder$init$1$task$1.call(IntentClassifierBuilder.kt:15)
	at java.base/java.util.concurrent.FutureTask.run(FutureTask.java:264)
	at java.base/java.util.concurrent.ThreadPoolExecutor.runWorker(ThreadPoolExecutor.java:1128)
	at java.base/java.util.concurrent.ThreadPoolExecutor$Worker.run(ThreadPoolExecutor.java:628)
	... 1 more
furhatos.nlu.InterpreterException: No .exm file for Intent in language en-US found
	at furhatos.nlu.NLUUtils.readLangResource(NLUUtils.kt:27)
	at furhatos.nlu.IntentCandidate.readExamplesFromResource(IntentCandidate.java:104)
	at furhatos.nlu.Intent.getExamples(Intent.kt:24)
	at furhatos.nlu.IntentCandidate.getExamplesWithParaphrases(IntentCandidate.java:81)
	at furhatos.nlu.IdfMultiIntentClassifier.<init>(IdfMultiIntentClassifier.kt:39)
	at furhatos.nlu.IdfMultiIntentClassifier.<init>(IdfMultiIntentClassifier.kt:17)
	at furhatos.nlu.IdfMultiIntentClassifier$Factory.getClassifier(IdfMultiIntentClassifier.kt:288)
	at furhatos.flow.kotlin.IntentClassifierBuilder$init$1$task$1.call(IntentClassifierBuilder.kt:55)
	at furhatos.flow.kotlin.IntentClassifierBuilder$init$1$task$1.call(IntentClassifierBuilder.kt:15)
	at java.base/java.util.concurrent.FutureTask.run(FutureTask.java:264)
	at java.base/java.util.concurrent.ThreadPoolExecutor.runWorker(ThreadPoolExecutor.java:1128)
	at java.base/java.util.concurrent.ThreadPoolExecutor$Worker.run(ThreadPoolExecutor.java:628)
	at java.base/java.lang.Thread.run(Thread.java:834)

